Build started 2015-04-22 오후 5:48:08.
     1>Project "C:\Users\Malak\Desktop\wonjin\CSE471-computer-graphics\assign2-skeleton\build\assign_2.vcxproj" on node 2 (Build target(s)).
     1>ClCompile:
         C:\Program Files (x86)\Microsoft Visual Studio 12.0\VC\bin\CL.exe /c /I"C:\Users\Malak\Desktop\wonjin\CSE471-computer-graphics\assign2-skeleton\freeglut\include" /I"C:\Users\Malak\Desktop\wonjin\CSE471-computer-graphics\assign2-skeleton\glew\inc" /Zi /nologo /W3 /WX- /Od /Ob0 /Oy- /D WIN32 /D _WINDOWS /D _DEBUG /D "CMAKE_INTDIR=\"Debug\"" /D _MBCS /Gm- /EHsc /RTC1 /MDd /GS /fp:precise /Zc:wchar_t /Zc:forScope /GR /Fo"assign_2.dir\Debug\\" /Fd"assign_2.dir\Debug\vc120.pdb" /Gd /TP /analyze- /errorReport:prompt "C:\Users\Malak\Desktop\wonjin\CSE471-computer-graphics\assign2-skeleton\main.cpp"
         main.cpp
     1>c:\users\malak\desktop\wonjin\cse471-computer-graphics\assign2-skeleton\Angel.h(63): warning C4305: 'initializing' : truncation from 'double' to 'const GLfloat'
     1>c:\users\malak\desktop\wonjin\cse471-computer-graphics\assign2-skeleton\mat.h(698): warning C4244: '=' : conversion from 'double' to 'GLfloat', possible loss of data
     1>c:\users\malak\desktop\wonjin\cse471-computer-graphics\assign2-skeleton\mat.h(699): warning C4244: '=' : conversion from 'double' to 'GLfloat', possible loss of data
     1>c:\users\malak\desktop\wonjin\cse471-computer-graphics\assign2-skeleton\mat.h(700): warning C4244: '=' : conversion from 'double' to 'GLfloat', possible loss of data
     1>c:\users\malak\desktop\wonjin\cse471-computer-graphics\assign2-skeleton\mat.h(721): warning C4244: '=' : conversion from 'double' to 'GLfloat', possible loss of data
     1>c:\users\malak\desktop\wonjin\cse471-computer-graphics\assign2-skeleton\mat.h(723): warning C4244: '=' : conversion from 'double' to 'GLfloat', possible loss of data
     1>c:\users\malak\desktop\wonjin\cse471-computer-graphics\assign2-skeleton\mat.h(726): warning C4244: '=' : conversion from 'double' to 'GLfloat', possible loss of data
     1>c:\users\malak\desktop\wonjin\cse471-computer-graphics\assign2-skeleton\mat.h(742): warning C4244: '=' : conversion from 'double' to 'GLfloat', possible loss of data
     1>c:\users\malak\desktop\wonjin\cse471-computer-graphics\assign2-skeleton\Mesh.h(31): warning C4018: '<' : signed/unsigned mismatch
     1>c:\users\malak\desktop\wonjin\cse471-computer-graphics\assign2-skeleton\Mesh.h(33): warning C4018: '<' : signed/unsigned mismatch
     1>c:\users\malak\desktop\wonjin\cse471-computer-graphics\assign2-skeleton\Mesh.h(36): warning C4018: '<' : signed/unsigned mismatch
     1>c:\users\malak\desktop\wonjin\cse471-computer-graphics\assign2-skeleton\Mesh.h(89): warning C4018: '<' : signed/unsigned mismatch
     1>c:\users\malak\desktop\wonjin\cse471-computer-graphics\assign2-skeleton\Mesh.h(99): warning C4018: '<' : signed/unsigned mismatch
     1>c:\users\malak\desktop\wonjin\cse471-computer-graphics\assign2-skeleton\Mesh.h(105): warning C4018: '<' : signed/unsigned mismatch
     1>c:\users\malak\desktop\wonjin\cse471-computer-graphics\assign2-skeleton\Mesh.h(110): warning C4018: '<' : signed/unsigned mismatch
     1>c:\users\malak\desktop\wonjin\cse471-computer-graphics\assign2-skeleton\assign1.h(59): warning C4305: 'initializing' : truncation from 'double' to 'GLfloat'
     1>c:\users\malak\desktop\wonjin\cse471-computer-graphics\assign2-skeleton\assign1.h(60): warning C4305: 'initializing' : truncation from 'double' to 'GLfloat'
     1>c:\users\malak\desktop\wonjin\cse471-computer-graphics\assign2-skeleton\assign1.h(61): warning C4305: 'initializing' : truncation from 'double' to 'GLfloat'
     1>c:\users\malak\desktop\wonjin\cse471-computer-graphics\assign2-skeleton\assign1.h(85): warning C4244: '=' : conversion from 'double' to 'float', possible loss of data
     1>c:\users\malak\desktop\wonjin\cse471-computer-graphics\assign2-skeleton\assign1.h(115): warning C4244: '=' : conversion from 'int' to 'float', possible loss of data
     1>c:\users\malak\desktop\wonjin\cse471-computer-graphics\assign2-skeleton\assign1.h(132): warning C4244: '=' : conversion from 'int' to 'float', possible loss of data
     1>c:\users\malak\desktop\wonjin\cse471-computer-graphics\assign2-skeleton\assign1.h(154): warning C4244: '=' : conversion from 'double' to 'GLfloat', possible loss of data
     1>c:\users\malak\desktop\wonjin\cse471-computer-graphics\assign2-skeleton\assign1.h(170): warning C4244: '=' : conversion from 'double' to 'float', possible loss of data
     1>c:\users\malak\desktop\wonjin\cse471-computer-graphics\assign2-skeleton\assign1.h(171): warning C4244: '=' : conversion from 'double' to 'float', possible loss of data
     1>c:\users\malak\desktop\wonjin\cse471-computer-graphics\assign2-skeleton\assign1.h(176): warning C4244: '=' : conversion from 'double' to 'float', possible loss of data
     1>C:\Users\Malak\Desktop\wonjin\CSE471-computer-graphics\assign2-skeleton\main.cpp(82): warning C4244: 'argument' : conversion from 'double' to 'GLfloat', possible loss of data
     1>C:\Users\Malak\Desktop\wonjin\CSE471-computer-graphics\assign2-skeleton\main.cpp(83): warning C4244: 'argument' : conversion from 'double' to 'GLfloat', possible loss of data
     1>C:\Users\Malak\Desktop\wonjin\CSE471-computer-graphics\assign2-skeleton\main.cpp(84): warning C4244: 'argument' : conversion from 'double' to 'GLfloat', possible loss of data
     1>C:\Users\Malak\Desktop\wonjin\CSE471-computer-graphics\assign2-skeleton\main.cpp(85): warning C4244: 'argument' : conversion from 'double' to 'GLfloat', possible loss of data
     1>C:\Users\Malak\Desktop\wonjin\CSE471-computer-graphics\assign2-skeleton\main.cpp(94): warning C4244: 'argument' : conversion from 'double' to 'const GLfloat', possible loss of data
     1>C:\Users\Malak\Desktop\wonjin\CSE471-computer-graphics\assign2-skeleton\main.cpp(95): warning C4244: 'argument' : conversion from 'double' to 'const GLfloat', possible loss of data
     1>C:\Users\Malak\Desktop\wonjin\CSE471-computer-graphics\assign2-skeleton\main.cpp(96): warning C4244: 'argument' : conversion from 'double' to 'const GLfloat', possible loss of data
       Link:
         C:\Program Files (x86)\Microsoft Visual Studio 12.0\VC\bin\link.exe /ERRORREPORT:PROMPT /OUT:"C:\Users\Malak\Desktop\wonjin\CSE471-computer-graphics\assign2-skeleton\build\Debug\assign_2.exe" /INCREMENTAL /NOLOGO /LIBPATH:"C:/Users/Malak/Desktop/wonjin/CSE471-computer-graphics/assign2-skeleton/freeglut/lib" /LIBPATH:"C:/Users/Malak/Desktop/wonjin/CSE471-computer-graphics/assign2-skeleton/freeglut/lib/Debug" /LIBPATH:"C:/Users/Malak/Desktop/wonjin/CSE471-computer-graphics/assign2-skeleton/glew/lib" /LIBPATH:"C:/Users/Malak/Desktop/wonjin/CSE471-computer-graphics/assign2-skeleton/glew/lib/Debug" kernel32.lib user32.lib gdi32.lib winspool.lib shell32.lib ole32.lib oleaut32.lib uuid.lib comdlg32.lib advapi32.lib freeglut.lib glew32.lib /MANIFEST /MANIFESTUAC:"level='asInvoker' uiAccess='false'" /manifest:embed /DEBUG /PDB:"C:/Users/Malak/Desktop/wonjin/CSE471-computer-graphics/assign2-skeleton/build/Debug/assign_2.pdb" /SUBSYSTEM:CONSOLE /TLBID:1 /DYNAMICBASE /NXCOMPAT /IMPLIB:"C:/Users/Malak/Desktop/wonjin/CSE471-computer-graphics/assign2-skeleton/build/Debug/assign_2.lib" /MACHINE:X86 /SAFESEH  /machine:X86 /debug assign_2.dir\Debug\main.obj
         assign_2.dir\Debug\textfile.obj
         assign_2.vcxproj -> C:\Users\Malak\Desktop\wonjin\CSE471-computer-graphics\assign2-skeleton\build\Debug\assign_2.exe
     1>Done Building Project "C:\Users\Malak\Desktop\wonjin\CSE471-computer-graphics\assign2-skeleton\build\assign_2.vcxproj" (Build target(s)).

Build succeeded.

Time Elapsed 00:00:01.06
