c:\users\wonjin\skydrive\문서\assignments\cse471-computer-graphics\assign2-skeleton\build\assign_2.dir\debug\vc120.pdb
c:\users\wonjin\skydrive\문서\assignments\cse471-computer-graphics\assign2-skeleton\build\assign_2.dir\debug\textfile.nativecodeanalysis.xml
c:\users\wonjin\skydrive\문서\assignments\cse471-computer-graphics\assign2-skeleton\build\assign_2.dir\debug\main.nativecodeanalysis.xml
c:\users\wonjin\skydrive\문서\assignments\cse471-computer-graphics\assign2-skeleton\build\assign_2.dir\debug\main.obj
c:\users\wonjin\skydrive\문서\assignments\cse471-computer-graphics\assign2-skeleton\build\assign_2.dir\debug\textfile.obj
c:\users\wonjin\skydrive\문서\assignments\cse471-computer-graphics\assign2-skeleton\build\cmakefiles\generate.stamp
c:\users\wonjin\skydrive\문서\assignments\cse471-computer-graphics\assign2-skeleton\build\debug\assign_2.ilk
c:\users\wonjin\skydrive\문서\assignments\cse471-computer-graphics\assign2-skeleton\build\debug\assign_2.exe
c:\users\wonjin\skydrive\문서\assignments\cse471-computer-graphics\assign2-skeleton\build\debug\assign_2.pdb
c:\users\wonjin\skydrive\문서\assignments\cse471-computer-graphics\assign2-skeleton\build\assign_2.dir\debug\nativecodeanalysis.read.1.tlog
c:\users\wonjin\skydrive\문서\assignments\cse471-computer-graphics\assign2-skeleton\build\assign_2.dir\debug\vc.nativecodeanalysis.all.xml
c:\users\wonjin\skydrive\문서\assignments\cse471-computer-graphics\assign2-skeleton\build\debug\assign_2.exe.lastcodeanalysissucceeded
c:\users\wonjin\skydrive\문서\assignments\cse471-computer-graphics\assign2-skeleton\build\assign_2.dir\debug\assign_2.tlog\cl.command.1.tlog
c:\users\wonjin\skydrive\문서\assignments\cse471-computer-graphics\assign2-skeleton\build\assign_2.dir\debug\assign_2.tlog\cl.read.1.tlog
c:\users\wonjin\skydrive\문서\assignments\cse471-computer-graphics\assign2-skeleton\build\assign_2.dir\debug\assign_2.tlog\cl.write.1.tlog
c:\users\wonjin\skydrive\문서\assignments\cse471-computer-graphics\assign2-skeleton\build\assign_2.dir\debug\assign_2.tlog\custombuild.command.1.tlog
c:\users\wonjin\skydrive\문서\assignments\cse471-computer-graphics\assign2-skeleton\build\assign_2.dir\debug\assign_2.tlog\custombuild.read.1.tlog
c:\users\wonjin\skydrive\문서\assignments\cse471-computer-graphics\assign2-skeleton\build\assign_2.dir\debug\assign_2.tlog\custombuild.write.1.tlog
c:\users\wonjin\skydrive\문서\assignments\cse471-computer-graphics\assign2-skeleton\build\assign_2.dir\debug\assign_2.tlog\link.command.1.tlog
c:\users\wonjin\skydrive\문서\assignments\cse471-computer-graphics\assign2-skeleton\build\assign_2.dir\debug\assign_2.tlog\link.read.1.tlog
c:\users\wonjin\skydrive\문서\assignments\cse471-computer-graphics\assign2-skeleton\build\assign_2.dir\debug\assign_2.tlog\link.write.1.tlog
