Build started 2015-05-20 오전 5:24:57.
     1>Project "C:\Users\wonjin\SkyDrive\문서\Assignments\CSE471-computer-graphics\assign-3\build\assign_3.vcxproj" on node 2 (Build target(s)).
     1>CustomBuild:
         Building Custom Rule C:/Users/wonjin/SkyDrive/문서/Assignments/CSE471-computer-graphics/assign-3/CMakeLists.txt
         CMake does not need to re-run because C:\Users\wonjin\SkyDrive\臾몄꽌\Assignments\CSE471-computer-graphics\assign-3\build\CMakeFiles\generate.stamp is up-to-date.
       ClCompile:
         C:\Program Files (x86)\Microsoft Visual Studio 12.0\VC\bin\CL.exe /c /I"C:\Users\wonjin\SkyDrive\문서\Assignments\CSE471-computer-graphics\assign-3\freeglut\include" /I"C:\Users\wonjin\SkyDrive\문서\Assignments\CSE471-computer-graphics\assign-3\glew\inc" /Zi /nologo /W3 /WX- /Od /Ob0 /Oy- /D WIN32 /D _WINDOWS /D _DEBUG /D "CMAKE_INTDIR=\"Debug\"" /D _MBCS /Gm- /EHsc /RTC1 /MDd /GS /fp:precise /Zc:wchar_t /Zc:forScope /GR /Fo"assign_3.dir\Debug\\" /Fd"assign_3.dir\Debug\vc120.pdb" /Gd /TP /analyze- /errorReport:prompt "C:\Users\wonjin\SkyDrive\문서\Assignments\CSE471-computer-graphics\assign-3\main.cpp" "C:\Users\wonjin\SkyDrive\문서\Assignments\CSE471-computer-graphics\assign-3\textfile.cpp"
         main.cpp
         textfile.cpp
     1>C:\Users\wonjin\SkyDrive\문서\Assignments\CSE471-computer-graphics\assign-3\textfile.cpp(39): warning C4996: 'fopen': This function or variable may be unsafe. Consider using fopen_s instead. To disable deprecation, use _CRT_SECURE_NO_WARNINGS. See online help for details.
                 C:\Program Files (x86)\Microsoft Visual Studio 12.0\VC\include\stdio.h(211) : see declaration of 'fopen'
     1>C:\Users\wonjin\SkyDrive\문서\Assignments\CSE471-computer-graphics\assign-3\textfile.cpp(64): warning C4996: 'fopen': This function or variable may be unsafe. Consider using fopen_s instead. To disable deprecation, use _CRT_SECURE_NO_WARNINGS. See online help for details.
                 C:\Program Files (x86)\Microsoft Visual Studio 12.0\VC\include\stdio.h(211) : see declaration of 'fopen'
         Generating Code...
       Link:
         C:\Program Files (x86)\Microsoft Visual Studio 12.0\VC\bin\link.exe /ERRORREPORT:PROMPT /OUT:"C:\Users\wonjin\SkyDrive\문서\Assignments\CSE471-computer-graphics\assign-3\build\Debug\assign_3.exe" /INCREMENTAL /NOLOGO /LIBPATH:"C:/Users/wonjin/SkyDrive/문서/Assignments/CSE471-computer-graphics/assign-3/freeglut/lib" /LIBPATH:"C:/Users/wonjin/SkyDrive/문서/Assignments/CSE471-computer-graphics/assign-3/freeglut/lib/Debug" /LIBPATH:"C:/Users/wonjin/SkyDrive/문서/Assignments/CSE471-computer-graphics/assign-3/glew/lib" /LIBPATH:"C:/Users/wonjin/SkyDrive/문서/Assignments/CSE471-computer-graphics/assign-3/glew/lib/Debug" kernel32.lib user32.lib gdi32.lib winspool.lib shell32.lib ole32.lib oleaut32.lib uuid.lib comdlg32.lib advapi32.lib freeglut.lib glew32.lib /MANIFEST /MANIFESTUAC:"level='asInvoker' uiAccess='false'" /manifest:embed /DEBUG /PDB:"C:/Users/wonjin/SkyDrive/문서/Assignments/CSE471-computer-graphics/assign-3/build/Debug/assign_3.pdb" /SUBSYSTEM:CONSOLE /TLBID:1 /DYNAMICBASE /NXCOMPAT /IMPLIB:"C:/Users/wonjin/SkyDrive/문서/Assignments/CSE471-computer-graphics/assign-3/build/Debug/assign_3.lib" /MACHINE:X86 /SAFESEH  /machine:X86 /debug assign_3.dir\Debug\main.obj
         assign_3.dir\Debug\textfile.obj
         assign_3.vcxproj -> C:\Users\wonjin\SkyDrive\문서\Assignments\CSE471-computer-graphics\assign-3\build\Debug\assign_3.exe
     1>Done Building Project "C:\Users\wonjin\SkyDrive\문서\Assignments\CSE471-computer-graphics\assign-3\build\assign_3.vcxproj" (Build target(s)).

Build succeeded.

Time Elapsed 00:00:01.89
